<?xml version="1.0" encoding="UTF-8"?>
<!-- Generated by org.testng.reporters.JUnitReportReporter -->
<testsuite hostname="TL-0074" failures="0" tests="1" name="testCases.AccountRegisterTest" time="1.425" errors="0" timestamp="2025-02-04T18:07:23 IST" skipped="0">
  <testcase classname="testCases.AccountRegisterTest" name="registered" time="1.425"/>
  <system-out/>
</testsuite> <!-- testCases.AccountRegisterTest -->
